<?xml version="1.0" encoding="UTF-8"?>
<testsuite name="com.jinjin.springboot.web.dto.HelloResponseDtoTest" tests="1" skipped="0" failures="0" errors="0" timestamp="2020-06-19T08:27:57" hostname="DESKTOP-A8NIIPA" time="0.005">
  <properties/>
  <testcase name="lombok_test" classname="com.jinjin.springboot.web.dto.HelloResponseDtoTest" time="0.005"/>
  <system-out><![CDATA[]]></system-out>
  <system-err><![CDATA[]]></system-err>
</testsuite>
