<?xml version="1.0" encoding="UTF-8"?>
<testsuite name="com.jinjin.springboot.web.HelloControllerTest" tests="2" skipped="0" failures="0" errors="0" timestamp="2020-06-19T08:27:59" hostname="DESKTOP-A8NIIPA" time="0.311">
  <properties/>
  <testcase name="helloDto_return" classname="com.jinjin.springboot.web.HelloControllerTest" time="0.296"/>
  <testcase name="hello_return" classname="com.jinjin.springboot.web.HelloControllerTest" time="0.015"/>
  <system-out><![CDATA[2020-06-19 17:27:57.568  INFO 11192 --- [    Test worker] .b.t.a.w.s.WebMvcTestContextBootstrapper : Neither @ContextConfiguration nor @ContextHierarchy found for test class [com.jinjin.springboot.web.HelloControllerTest], using SpringBootContextLoader
2020-06-19 17:27:57.578  INFO 11192 --- [    Test worker] o.s.t.c.support.AbstractContextLoader    : Could not detect default resource locations for test class [com.jinjin.springboot.web.HelloControllerTest]: no resource found for suffixes {-context.xml, Context.groovy}.
2020-06-19 17:27:57.584  INFO 11192 --- [    Test worker] t.c.s.AnnotationConfigContextLoaderUtils : Could not detect default configuration classes for test class [com.jinjin.springboot.web.HelloControllerTest]: HelloControllerTest does not declare any static, non-private, non-final, nested classes annotated with @Configuration.
2020-06-19 17:27:57.627  INFO 11192 --- [    Test worker] .b.t.c.SpringBootTestContextBootstrapper : Found @SpringBootConfiguration com.jinjin.springboot.Application for test class com.jinjin.springboot.web.HelloControllerTest
2020-06-19 17:27:57.630  INFO 11192 --- [    Test worker] .b.t.a.w.s.WebMvcTestContextBootstrapper : Loaded default TestExecutionListener class names from location [META-INF/spring.factories]: [org.springframework.security.test.context.support.WithSecurityContextTestExecutionListener, org.springframework.security.test.context.support.ReactorContextTestExecutionListener, org.springframework.boot.test.autoconfigure.restdocs.RestDocsTestExecutionListener, org.springframework.boot.test.autoconfigure.web.client.MockRestServiceServerResetTestExecutionListener, org.springframework.boot.test.autoconfigure.web.servlet.MockMvcPrintOnlyOnFailureTestExecutionListener, org.springframework.boot.test.autoconfigure.web.servlet.WebDriverTestExecutionListener, org.springframework.boot.test.mock.mockito.MockitoTestExecutionListener, org.springframework.boot.test.mock.mockito.ResetMocksTestExecutionListener, org.springframework.test.context.web.ServletTestExecutionListener, org.springframework.test.context.support.DirtiesContextBeforeModesTestExecutionListener, org.springframework.test.context.support.DependencyInjectionTestExecutionListener, org.springframework.test.context.support.DirtiesContextTestExecutionListener, org.springframework.test.context.transaction.TransactionalTestExecutionListener, org.springframework.test.context.jdbc.SqlScriptsTestExecutionListener]
2020-06-19 17:27:57.634  INFO 11192 --- [    Test worker] .b.t.a.w.s.WebMvcTestContextBootstrapper : Using TestExecutionListeners: [org.springframework.test.context.web.ServletTestExecutionListener@36b0cc74, org.springframework.test.context.support.DirtiesContextBeforeModesTestExecutionListener@5f97b444, org.springframework.boot.test.mock.mockito.MockitoTestExecutionListener@1e124819, org.springframework.boot.test.autoconfigure.SpringBootDependencyInjectionTestExecutionListener@5dbe10c4, org.springframework.test.context.support.DirtiesContextTestExecutionListener@6d5da46b, org.springframework.test.context.transaction.TransactionalTestExecutionListener@f8a0810, org.springframework.test.context.jdbc.SqlScriptsTestExecutionListener@3d4cb78, org.springframework.security.test.context.support.WithSecurityContextTestExecutionListener@2e41d3f6, org.springframework.security.test.context.support.ReactorContextTestExecutionListener@2ebf54a9, org.springframework.boot.test.autoconfigure.restdocs.RestDocsTestExecutionListener@71aa03e6, org.springframework.boot.test.autoconfigure.web.client.MockRestServiceServerResetTestExecutionListener@540089a0, org.springframework.boot.test.autoconfigure.web.servlet.MockMvcPrintOnlyOnFailureTestExecutionListener@74fe3eb5, org.springframework.boot.test.autoconfigure.web.servlet.WebDriverTestExecutionListener@20b0369f, org.springframework.boot.test.mock.mockito.ResetMocksTestExecutionListener@124b45c]

  .   ____          _            __ _ _
 /\\ / ___'_ __ _ _(_)_ __  __ _ \ \ \ \
( ( )\___ | '_ | '_| | '_ \/ _` | \ \ \ \
 \\/  ___)| |_)| | | | | || (_| |  ) ) ) )
  '  |____| .__|_| |_|_| |_\__, | / / / /
 =========|_|==============|___/=/_/_/_/
 :: Spring Boot ::        (v2.1.7.RELEASE)

2020-06-19 17:27:57.735  INFO 11192 --- [    Test worker] c.j.springboot.web.HelloControllerTest   : Starting HelloControllerTest on DESKTOP-A8NIIPA with PID 11192 (started by jy in C:\Users\jy\IdeaProjects\study\jpa\post-ex-springboot)
2020-06-19 17:27:57.735  INFO 11192 --- [    Test worker] c.j.springboot.web.HelloControllerTest   : The following profiles are active: oauth
2020-06-19 17:27:58.597  INFO 11192 --- [    Test worker] o.s.s.concurrent.ThreadPoolTaskExecutor  : Initializing ExecutorService 'applicationTaskExecutor'
2020-06-19 17:27:58.670  INFO 11192 --- [    Test worker] o.s.b.a.w.s.WelcomePageHandlerMapping    : Adding welcome page template: index
2020-06-19 17:27:59.073  INFO 11192 --- [    Test worker] .s.s.UserDetailsServiceAutoConfiguration : 

Using generated security password: 59cfd1d4-5e16-4718-a771-5fee2a95c01a

2020-06-19 17:27:59.327  INFO 11192 --- [    Test worker] o.s.s.web.DefaultSecurityFilterChain     : Creating filter chain: any request, [org.springframework.security.web.context.request.async.WebAsyncManagerIntegrationFilter@7aaa3437, org.springframework.security.web.context.SecurityContextPersistenceFilter@366eef7c, org.springframework.security.web.header.HeaderWriterFilter@78a047f1, org.springframework.security.web.csrf.CsrfFilter@51fcbbb, org.springframework.security.web.authentication.logout.LogoutFilter@10f500af, org.springframework.security.web.authentication.UsernamePasswordAuthenticationFilter@ef28b23, org.springframework.security.web.authentication.ui.DefaultLoginPageGeneratingFilter@125bee5, org.springframework.security.web.authentication.ui.DefaultLogoutPageGeneratingFilter@c76d16a, org.springframework.security.web.authentication.www.BasicAuthenticationFilter@89daa3d, org.springframework.security.web.savedrequest.RequestCacheAwareFilter@3058c3bb, org.springframework.security.web.servletapi.SecurityContextHolderAwareRequestFilter@4abd958e, org.springframework.security.web.authentication.AnonymousAuthenticationFilter@69df4e9b, org.springframework.security.web.session.SessionManagementFilter@399194d, org.springframework.security.web.access.ExceptionTranslationFilter@22e48a80, org.springframework.security.web.access.intercept.FilterSecurityInterceptor@68a96da2]
2020-06-19 17:27:59.476  INFO 11192 --- [    Test worker] o.s.b.t.m.w.SpringBootMockServletContext : Initializing Spring TestDispatcherServlet ''
2020-06-19 17:27:59.476  INFO 11192 --- [    Test worker] o.s.t.web.servlet.TestDispatcherServlet  : Initializing Servlet ''
2020-06-19 17:27:59.510  INFO 11192 --- [    Test worker] o.s.t.web.servlet.TestDispatcherServlet  : Completed initialization in 34 ms
2020-06-19 17:27:59.578  INFO 11192 --- [    Test worker] c.j.springboot.web.HelloControllerTest   : Started HelloControllerTest in 1.939 seconds (JVM running for 18.235)
]]></system-out>
  <system-err><![CDATA[]]></system-err>
</testsuite>
