<?xml version="1.0" encoding="UTF-8"?>
<testsuite name="com.jinjin.springboot.domain.posts.PostsRepositoryTest" tests="2" skipped="0" failures="0" errors="0" timestamp="2020-06-19T08:27:56" hostname="DESKTOP-A8NIIPA" time="0.755">
  <properties/>
  <testcase name="BaseTimeEntity_테스트" classname="com.jinjin.springboot.domain.posts.PostsRepositoryTest" time="0.706"/>
  <testcase name="posts_save_load" classname="com.jinjin.springboot.domain.posts.PostsRepositoryTest" time="0.048"/>
  <system-out><![CDATA[17:27:42.917 [Test worker] DEBUG org.springframework.test.context.junit4.SpringJUnit4ClassRunner - SpringJUnit4ClassRunner constructor called with [class com.jinjin.springboot.domain.posts.PostsRepositoryTest]
17:27:42.937 [Test worker] DEBUG org.springframework.test.context.BootstrapUtils - Instantiating CacheAwareContextLoaderDelegate from class [org.springframework.test.context.cache.DefaultCacheAwareContextLoaderDelegate]
17:27:42.952 [Test worker] DEBUG org.springframework.test.context.BootstrapUtils - Instantiating BootstrapContext using constructor [public org.springframework.test.context.support.DefaultBootstrapContext(java.lang.Class,org.springframework.test.context.CacheAwareContextLoaderDelegate)]
17:27:42.989 [Test worker] DEBUG org.springframework.test.context.BootstrapUtils - Instantiating TestContextBootstrapper for test class [com.jinjin.springboot.domain.posts.PostsRepositoryTest] from class [org.springframework.boot.test.context.SpringBootTestContextBootstrapper]
17:27:43.015 [Test worker] INFO org.springframework.boot.test.context.SpringBootTestContextBootstrapper - Neither @ContextConfiguration nor @ContextHierarchy found for test class [com.jinjin.springboot.domain.posts.PostsRepositoryTest], using SpringBootContextLoader
17:27:43.020 [Test worker] DEBUG org.springframework.test.context.support.AbstractContextLoader - Did not detect default resource location for test class [com.jinjin.springboot.domain.posts.PostsRepositoryTest]: class path resource [com/jinjin/springboot/domain/posts/PostsRepositoryTest-context.xml] does not exist
17:27:43.021 [Test worker] DEBUG org.springframework.test.context.support.AbstractContextLoader - Did not detect default resource location for test class [com.jinjin.springboot.domain.posts.PostsRepositoryTest]: class path resource [com/jinjin/springboot/domain/posts/PostsRepositoryTestContext.groovy] does not exist
17:27:43.022 [Test worker] INFO org.springframework.test.context.support.AbstractContextLoader - Could not detect default resource locations for test class [com.jinjin.springboot.domain.posts.PostsRepositoryTest]: no resource found for suffixes {-context.xml, Context.groovy}.
17:27:43.024 [Test worker] INFO org.springframework.test.context.support.AnnotationConfigContextLoaderUtils - Could not detect default configuration classes for test class [com.jinjin.springboot.domain.posts.PostsRepositoryTest]: PostsRepositoryTest does not declare any static, non-private, non-final, nested classes annotated with @Configuration.
17:27:43.101 [Test worker] DEBUG org.springframework.test.context.support.ActiveProfilesUtils - Could not find an 'annotation declaring class' for annotation type [org.springframework.test.context.ActiveProfiles] and class [com.jinjin.springboot.domain.posts.PostsRepositoryTest]
17:27:43.241 [Test worker] DEBUG org.springframework.context.annotation.ClassPathScanningCandidateComponentProvider - Identified candidate component class: file [C:\Users\jy\IdeaProjects\study\jpa\post-ex-springboot\build\classes\java\main\com\jinjin\springboot\Application.class]
17:27:43.242 [Test worker] INFO org.springframework.boot.test.context.SpringBootTestContextBootstrapper - Found @SpringBootConfiguration com.jinjin.springboot.Application for test class com.jinjin.springboot.domain.posts.PostsRepositoryTest
17:27:43.426 [Test worker] DEBUG org.springframework.boot.test.context.SpringBootTestContextBootstrapper - @TestExecutionListeners is not present for class [com.jinjin.springboot.domain.posts.PostsRepositoryTest]: using defaults.
17:27:43.427 [Test worker] INFO org.springframework.boot.test.context.SpringBootTestContextBootstrapper - Loaded default TestExecutionListener class names from location [META-INF/spring.factories]: [org.springframework.security.test.context.support.WithSecurityContextTestExecutionListener, org.springframework.security.test.context.support.ReactorContextTestExecutionListener, org.springframework.boot.test.autoconfigure.restdocs.RestDocsTestExecutionListener, org.springframework.boot.test.autoconfigure.web.client.MockRestServiceServerResetTestExecutionListener, org.springframework.boot.test.autoconfigure.web.servlet.MockMvcPrintOnlyOnFailureTestExecutionListener, org.springframework.boot.test.autoconfigure.web.servlet.WebDriverTestExecutionListener, org.springframework.boot.test.mock.mockito.MockitoTestExecutionListener, org.springframework.boot.test.mock.mockito.ResetMocksTestExecutionListener, org.springframework.test.context.web.ServletTestExecutionListener, org.springframework.test.context.support.DirtiesContextBeforeModesTestExecutionListener, org.springframework.test.context.support.DependencyInjectionTestExecutionListener, org.springframework.test.context.support.DirtiesContextTestExecutionListener, org.springframework.test.context.transaction.TransactionalTestExecutionListener, org.springframework.test.context.jdbc.SqlScriptsTestExecutionListener]
17:27:43.470 [Test worker] INFO org.springframework.boot.test.context.SpringBootTestContextBootstrapper - Using TestExecutionListeners: [org.springframework.test.context.web.ServletTestExecutionListener@2edf7a4f, org.springframework.test.context.support.DirtiesContextBeforeModesTestExecutionListener@72414013, org.springframework.boot.test.mock.mockito.MockitoTestExecutionListener@36926a2c, org.springframework.boot.test.autoconfigure.SpringBootDependencyInjectionTestExecutionListener@5210a802, org.springframework.test.context.support.DirtiesContextTestExecutionListener@7c8ad0d, org.springframework.test.context.transaction.TransactionalTestExecutionListener@7ff1243f, org.springframework.test.context.jdbc.SqlScriptsTestExecutionListener@5a17f2e7, org.springframework.security.test.context.support.WithSecurityContextTestExecutionListener@d90011f, org.springframework.security.test.context.support.ReactorContextTestExecutionListener@4ff26565, org.springframework.boot.test.autoconfigure.restdocs.RestDocsTestExecutionListener@39547078, org.springframework.boot.test.autoconfigure.web.client.MockRestServiceServerResetTestExecutionListener@5cb12d7f, org.springframework.boot.test.autoconfigure.web.servlet.MockMvcPrintOnlyOnFailureTestExecutionListener@51a4570f, org.springframework.boot.test.autoconfigure.web.servlet.WebDriverTestExecutionListener@d21c913, org.springframework.boot.test.mock.mockito.ResetMocksTestExecutionListener@17ecaf7f]
17:27:43.476 [Test worker] DEBUG org.springframework.test.annotation.ProfileValueUtils - Retrieved @ProfileValueSourceConfiguration [null] for test class [com.jinjin.springboot.domain.posts.PostsRepositoryTest]
17:27:43.477 [Test worker] DEBUG org.springframework.test.annotation.ProfileValueUtils - Retrieved ProfileValueSource type [class org.springframework.test.annotation.SystemProfileValueSource] for class [com.jinjin.springboot.domain.posts.PostsRepositoryTest]
17:27:43.478 [Test worker] DEBUG org.springframework.test.annotation.ProfileValueUtils - Retrieved @ProfileValueSourceConfiguration [null] for test class [com.jinjin.springboot.domain.posts.PostsRepositoryTest]
17:27:43.479 [Test worker] DEBUG org.springframework.test.annotation.ProfileValueUtils - Retrieved ProfileValueSource type [class org.springframework.test.annotation.SystemProfileValueSource] for class [com.jinjin.springboot.domain.posts.PostsRepositoryTest]
17:27:43.490 [Test worker] DEBUG org.springframework.test.context.support.AbstractDirtiesContextTestExecutionListener - Before test class: context [DefaultTestContext@624b98d8 testClass = PostsRepositoryTest, testInstance = [null], testMethod = [null], testException = [null], mergedContextConfiguration = [WebMergedContextConfiguration@5e0bb82 testClass = PostsRepositoryTest, locations = '{}', classes = '{class com.jinjin.springboot.Application}', contextInitializerClasses = '[]', activeProfiles = '{}', propertySourceLocations = '{}', propertySourceProperties = '{org.springframework.boot.test.context.SpringBootTestContextBootstrapper=true}', contextCustomizers = set[org.springframework.boot.test.autoconfigure.properties.PropertyMappingContextCustomizer@0, org.springframework.boot.test.autoconfigure.web.servlet.WebDriverContextCustomizerFactory$Customizer@4726e9a8, org.springframework.boot.test.context.filter.ExcludeFilterContextCustomizer@441a0806, org.springframework.boot.test.json.DuplicateJsonObjectContextCustomizerFactory$DuplicateJsonObjectContextCustomizer@63dd89f2, org.springframework.boot.test.mock.mockito.MockitoContextCustomizer@0, org.springframework.boot.test.web.client.TestRestTemplateContextCustomizer@5aa625fe], resourceBasePath = 'src/main/webapp', contextLoader = 'org.springframework.boot.test.context.SpringBootContextLoader', parent = [null]], attributes = map['org.springframework.test.context.web.ServletTestExecutionListener.activateListener' -> true]], class annotated with @DirtiesContext [false] with mode [null].
17:27:43.491 [Test worker] DEBUG org.springframework.test.annotation.ProfileValueUtils - Retrieved @ProfileValueSourceConfiguration [null] for test class [com.jinjin.springboot.domain.posts.PostsRepositoryTest]
17:27:43.492 [Test worker] DEBUG org.springframework.test.annotation.ProfileValueUtils - Retrieved ProfileValueSource type [class org.springframework.test.annotation.SystemProfileValueSource] for class [com.jinjin.springboot.domain.posts.PostsRepositoryTest]
17:27:43.528 [Test worker] DEBUG org.springframework.test.context.support.TestPropertySourceUtils - Adding inlined properties to environment: {spring.jmx.enabled=false, org.springframework.boot.test.context.SpringBootTestContextBootstrapper=true, server.port=-1}

  .   ____          _            __ _ _
 /\\ / ___'_ __ _ _(_)_ __  __ _ \ \ \ \
( ( )\___ | '_ | '_| | '_ \/ _` | \ \ \ \
 \\/  ___)| |_)| | | | | || (_| |  ) ) ) )
  '  |____| .__|_| |_|_| |_\__, | / / / /
 =========|_|==============|___/=/_/_/_/
 :: Spring Boot ::        (v2.1.7.RELEASE)

2020-06-19 17:27:44.397  INFO 11192 --- [    Test worker] c.j.s.domain.posts.PostsRepositoryTest   : Starting PostsRepositoryTest on DESKTOP-A8NIIPA with PID 11192 (started by jy in C:\Users\jy\IdeaProjects\study\jpa\post-ex-springboot)
2020-06-19 17:27:44.398  INFO 11192 --- [    Test worker] c.j.s.domain.posts.PostsRepositoryTest   : The following profiles are active: oauth
2020-06-19 17:27:46.291  INFO 11192 --- [    Test worker] .s.d.r.c.RepositoryConfigurationDelegate : Bootstrapping Spring Data repositories in DEFAULT mode.
2020-06-19 17:27:46.476  INFO 11192 --- [    Test worker] .s.d.r.c.RepositoryConfigurationDelegate : Finished Spring Data repository scanning in 163ms. Found 2 repository interfaces.
2020-06-19 17:27:47.678  INFO 11192 --- [    Test worker] trationDelegate$BeanPostProcessorChecker : Bean 'org.springframework.transaction.annotation.ProxyTransactionManagementConfiguration' of type [org.springframework.transaction.annotation.ProxyTransactionManagementConfiguration$$EnhancerBySpringCGLIB$$b9633276] is not eligible for getting processed by all BeanPostProcessors (for example: not eligible for auto-proxying)
2020-06-19 17:27:48.126  INFO 11192 --- [    Test worker] com.zaxxer.hikari.HikariDataSource       : HikariPool-1 - Starting...
2020-06-19 17:27:48.401  INFO 11192 --- [    Test worker] com.zaxxer.hikari.HikariDataSource       : HikariPool-1 - Start completed.
2020-06-19 17:27:48.600  INFO 11192 --- [    Test worker] o.hibernate.jpa.internal.util.LogHelper  : HHH000204: Processing PersistenceUnitInfo [
	name: default
	...]
2020-06-19 17:27:48.743  INFO 11192 --- [    Test worker] org.hibernate.Version                    : HHH000412: Hibernate Core {5.3.10.Final}
2020-06-19 17:27:48.746  INFO 11192 --- [    Test worker] org.hibernate.cfg.Environment            : HHH000206: hibernate.properties not found
2020-06-19 17:27:49.034  INFO 11192 --- [    Test worker] o.hibernate.annotations.common.Version   : HCANN000001: Hibernate Commons Annotations {5.0.4.Final}
2020-06-19 17:27:49.120 DEBUG 11192 --- [    Test worker] org.hibernate.type.BasicTypeRegistry     : Adding type registration boolean -> org.hibernate.type.BooleanType@60995ccf
2020-06-19 17:27:49.121 DEBUG 11192 --- [    Test worker] org.hibernate.type.BasicTypeRegistry     : Adding type registration boolean -> org.hibernate.type.BooleanType@60995ccf
2020-06-19 17:27:49.123 DEBUG 11192 --- [    Test worker] org.hibernate.type.BasicTypeRegistry     : Adding type registration java.lang.Boolean -> org.hibernate.type.BooleanType@60995ccf
2020-06-19 17:27:49.125 DEBUG 11192 --- [    Test worker] org.hibernate.type.BasicTypeRegistry     : Adding type registration numeric_boolean -> org.hibernate.type.NumericBooleanType@5e68ff64
2020-06-19 17:27:49.126 DEBUG 11192 --- [    Test worker] org.hibernate.type.BasicTypeRegistry     : Adding type registration true_false -> org.hibernate.type.TrueFalseType@a8b25ea
2020-06-19 17:27:49.128 DEBUG 11192 --- [    Test worker] org.hibernate.type.BasicTypeRegistry     : Adding type registration yes_no -> org.hibernate.type.YesNoType@70a42c2a
2020-06-19 17:27:49.133 DEBUG 11192 --- [    Test worker] org.hibernate.type.BasicTypeRegistry     : Adding type registration byte -> org.hibernate.type.ByteType@2051fe0b
2020-06-19 17:27:49.133 DEBUG 11192 --- [    Test worker] org.hibernate.type.BasicTypeRegistry     : Adding type registration byte -> org.hibernate.type.ByteType@2051fe0b
2020-06-19 17:27:49.136 DEBUG 11192 --- [    Test worker] org.hibernate.type.BasicTypeRegistry     : Adding type registration java.lang.Byte -> org.hibernate.type.ByteType@2051fe0b
2020-06-19 17:27:49.139 DEBUG 11192 --- [    Test worker] org.hibernate.type.BasicTypeRegistry     : Adding type registration character -> org.hibernate.type.CharacterType@650157af
2020-06-19 17:27:49.140 DEBUG 11192 --- [    Test worker] org.hibernate.type.BasicTypeRegistry     : Adding type registration char -> org.hibernate.type.CharacterType@650157af
2020-06-19 17:27:49.141 DEBUG 11192 --- [    Test worker] org.hibernate.type.BasicTypeRegistry     : Adding type registration java.lang.Character -> org.hibernate.type.CharacterType@650157af
2020-06-19 17:27:49.144 DEBUG 11192 --- [    Test worker] org.hibernate.type.BasicTypeRegistry     : Adding type registration short -> org.hibernate.type.ShortType@a15b0bf
2020-06-19 17:27:49.145 DEBUG 11192 --- [    Test worker] org.hibernate.type.BasicTypeRegistry     : Adding type registration short -> org.hibernate.type.ShortType@a15b0bf
2020-06-19 17:27:49.146 DEBUG 11192 --- [    Test worker] org.hibernate.type.BasicTypeRegistry     : Adding type registration java.lang.Short -> org.hibernate.type.ShortType@a15b0bf
2020-06-19 17:27:49.150 DEBUG 11192 --- [    Test worker] org.hibernate.type.BasicTypeRegistry     : Adding type registration integer -> org.hibernate.type.IntegerType@61bd2c27
2020-06-19 17:27:49.152 DEBUG 11192 --- [    Test worker] org.hibernate.type.BasicTypeRegistry     : Adding type registration int -> org.hibernate.type.IntegerType@61bd2c27
2020-06-19 17:27:49.153 DEBUG 11192 --- [    Test worker] org.hibernate.type.BasicTypeRegistry     : Adding type registration java.lang.Integer -> org.hibernate.type.IntegerType@61bd2c27
2020-06-19 17:27:49.158 DEBUG 11192 --- [    Test worker] org.hibernate.type.BasicTypeRegistry     : Adding type registration long -> org.hibernate.type.LongType@f67f53c
2020-06-19 17:27:49.158 DEBUG 11192 --- [    Test worker] org.hibernate.type.BasicTypeRegistry     : Adding type registration long -> org.hibernate.type.LongType@f67f53c
2020-06-19 17:27:49.159 DEBUG 11192 --- [    Test worker] org.hibernate.type.BasicTypeRegistry     : Adding type registration java.lang.Long -> org.hibernate.type.LongType@f67f53c
2020-06-19 17:27:49.161 DEBUG 11192 --- [    Test worker] org.hibernate.type.BasicTypeRegistry     : Adding type registration float -> org.hibernate.type.FloatType@51c86375
2020-06-19 17:27:49.162 DEBUG 11192 --- [    Test worker] org.hibernate.type.BasicTypeRegistry     : Adding type registration float -> org.hibernate.type.FloatType@51c86375
2020-06-19 17:27:49.162 DEBUG 11192 --- [    Test worker] org.hibernate.type.BasicTypeRegistry     : Adding type registration java.lang.Float -> org.hibernate.type.FloatType@51c86375
2020-06-19 17:27:49.166 DEBUG 11192 --- [    Test worker] org.hibernate.type.BasicTypeRegistry     : Adding type registration double -> org.hibernate.type.DoubleType@65e1ced
2020-06-19 17:27:49.167 DEBUG 11192 --- [    Test worker] org.hibernate.type.BasicTypeRegistry     : Adding type registration double -> org.hibernate.type.DoubleType@65e1ced
2020-06-19 17:27:49.168 DEBUG 11192 --- [    Test worker] org.hibernate.type.BasicTypeRegistry     : Adding type registration java.lang.Double -> org.hibernate.type.DoubleType@65e1ced
2020-06-19 17:27:49.177 DEBUG 11192 --- [    Test worker] org.hibernate.type.BasicTypeRegistry     : Adding type registration big_decimal -> org.hibernate.type.BigDecimalType@3b63b8ea
2020-06-19 17:27:49.178 DEBUG 11192 --- [    Test worker] org.hibernate.type.BasicTypeRegistry     : Adding type registration java.math.BigDecimal -> org.hibernate.type.BigDecimalType@3b63b8ea
2020-06-19 17:27:49.180 DEBUG 11192 --- [    Test worker] org.hibernate.type.BasicTypeRegistry     : Adding type registration big_integer -> org.hibernate.type.BigIntegerType@7917ce0
2020-06-19 17:27:49.180 DEBUG 11192 --- [    Test worker] org.hibernate.type.BasicTypeRegistry     : Adding type registration java.math.BigInteger -> org.hibernate.type.BigIntegerType@7917ce0
2020-06-19 17:27:49.183 DEBUG 11192 --- [    Test worker] org.hibernate.type.BasicTypeRegistry     : Adding type registration string -> org.hibernate.type.StringType@1eaab322
2020-06-19 17:27:49.183 DEBUG 11192 --- [    Test worker] org.hibernate.type.BasicTypeRegistry     : Adding type registration java.lang.String -> org.hibernate.type.StringType@1eaab322
2020-06-19 17:27:49.185 DEBUG 11192 --- [    Test worker] org.hibernate.type.BasicTypeRegistry     : Adding type registration nstring -> org.hibernate.type.StringNVarcharType@73edc52f
2020-06-19 17:27:49.186 DEBUG 11192 --- [    Test worker] org.hibernate.type.BasicTypeRegistry     : Adding type registration ncharacter -> org.hibernate.type.CharacterNCharType@455833e6
2020-06-19 17:27:49.188 DEBUG 11192 --- [    Test worker] org.hibernate.type.BasicTypeRegistry     : Adding type registration url -> org.hibernate.type.UrlType@77906ff2
2020-06-19 17:27:49.189 DEBUG 11192 --- [    Test worker] org.hibernate.type.BasicTypeRegistry     : Adding type registration java.net.URL -> org.hibernate.type.UrlType@77906ff2
2020-06-19 17:27:49.191 DEBUG 11192 --- [    Test worker] org.hibernate.type.BasicTypeRegistry     : Adding type registration Duration -> org.hibernate.type.DurationType@1eb8bca9
2020-06-19 17:27:49.192 DEBUG 11192 --- [    Test worker] org.hibernate.type.BasicTypeRegistry     : Adding type registration java.time.Duration -> org.hibernate.type.DurationType@1eb8bca9
2020-06-19 17:27:49.195 DEBUG 11192 --- [    Test worker] org.hibernate.type.BasicTypeRegistry     : Adding type registration Instant -> org.hibernate.type.InstantType@3f2827a
2020-06-19 17:27:49.196 DEBUG 11192 --- [    Test worker] org.hibernate.type.BasicTypeRegistry     : Adding type registration java.time.Instant -> org.hibernate.type.InstantType@3f2827a
2020-06-19 17:27:49.199 DEBUG 11192 --- [    Test worker] org.hibernate.type.BasicTypeRegistry     : Adding type registration LocalDateTime -> org.hibernate.type.LocalDateTimeType@1f54f087
2020-06-19 17:27:49.201 DEBUG 11192 --- [    Test worker] org.hibernate.type.BasicTypeRegistry     : Adding type registration java.time.LocalDateTime -> org.hibernate.type.LocalDateTimeType@1f54f087
2020-06-19 17:27:49.203 DEBUG 11192 --- [    Test worker] org.hibernate.type.BasicTypeRegistry     : Adding type registration LocalDate -> org.hibernate.type.LocalDateType@475d3fa9
2020-06-19 17:27:49.204 DEBUG 11192 --- [    Test worker] org.hibernate.type.BasicTypeRegistry     : Adding type registration java.time.LocalDate -> org.hibernate.type.LocalDateType@475d3fa9
2020-06-19 17:27:49.208 DEBUG 11192 --- [    Test worker] org.hibernate.type.BasicTypeRegistry     : Adding type registration LocalTime -> org.hibernate.type.LocalTimeType@47186649
2020-06-19 17:27:49.209 DEBUG 11192 --- [    Test worker] org.hibernate.type.BasicTypeRegistry     : Adding type registration java.time.LocalTime -> org.hibernate.type.LocalTimeType@47186649
2020-06-19 17:27:49.212 DEBUG 11192 --- [    Test worker] org.hibernate.type.BasicTypeRegistry     : Adding type registration OffsetDateTime -> org.hibernate.type.OffsetDateTimeType@77ae6170
2020-06-19 17:27:49.212 DEBUG 11192 --- [    Test worker] org.hibernate.type.BasicTypeRegistry     : Adding type registration java.time.OffsetDateTime -> org.hibernate.type.OffsetDateTimeType@77ae6170
2020-06-19 17:27:49.216 DEBUG 11192 --- [    Test worker] org.hibernate.type.BasicTypeRegistry     : Adding type registration OffsetTime -> org.hibernate.type.OffsetTimeType@51614828
2020-06-19 17:27:49.219 DEBUG 11192 --- [    Test worker] org.hibernate.type.BasicTypeRegistry     : Adding type registration java.time.OffsetTime -> org.hibernate.type.OffsetTimeType@51614828
2020-06-19 17:27:49.226 DEBUG 11192 --- [    Test worker] org.hibernate.type.BasicTypeRegistry     : Adding type registration ZonedDateTime -> org.hibernate.type.ZonedDateTimeType@2985ac13
2020-06-19 17:27:49.227 DEBUG 11192 --- [    Test worker] org.hibernate.type.BasicTypeRegistry     : Adding type registration java.time.ZonedDateTime -> org.hibernate.type.ZonedDateTimeType@2985ac13
2020-06-19 17:27:49.230 DEBUG 11192 --- [    Test worker] org.hibernate.type.BasicTypeRegistry     : Adding type registration date -> org.hibernate.type.DateType@51589c55
2020-06-19 17:27:49.230 DEBUG 11192 --- [    Test worker] org.hibernate.type.BasicTypeRegistry     : Adding type registration java.sql.Date -> org.hibernate.type.DateType@51589c55
2020-06-19 17:27:49.232 DEBUG 11192 --- [    Test worker] org.hibernate.type.BasicTypeRegistry     : Adding type registration time -> org.hibernate.type.TimeType@dc75579
2020-06-19 17:27:49.232 DEBUG 11192 --- [    Test worker] org.hibernate.type.BasicTypeRegistry     : Adding type registration java.sql.Time -> org.hibernate.type.TimeType@dc75579
2020-06-19 17:27:49.235 DEBUG 11192 --- [    Test worker] org.hibernate.type.BasicTypeRegistry     : Adding type registration timestamp -> org.hibernate.type.TimestampType@de0a92f
2020-06-19 17:27:49.235 DEBUG 11192 --- [    Test worker] org.hibernate.type.BasicTypeRegistry     : Adding type registration java.sql.Timestamp -> org.hibernate.type.TimestampType@de0a92f
2020-06-19 17:27:49.236 DEBUG 11192 --- [    Test worker] org.hibernate.type.BasicTypeRegistry     : Adding type registration java.util.Date -> org.hibernate.type.TimestampType@de0a92f
2020-06-19 17:27:49.238 DEBUG 11192 --- [    Test worker] org.hibernate.type.BasicTypeRegistry     : Adding type registration dbtimestamp -> org.hibernate.type.DbTimestampType@422d19d9
2020-06-19 17:27:49.240 DEBUG 11192 --- [    Test worker] org.hibernate.type.BasicTypeRegistry     : Adding type registration calendar -> org.hibernate.type.CalendarType@2011bf02
2020-06-19 17:27:49.240 DEBUG 11192 --- [    Test worker] org.hibernate.type.BasicTypeRegistry     : Adding type registration java.util.Calendar -> org.hibernate.type.CalendarType@2011bf02
2020-06-19 17:27:49.241 DEBUG 11192 --- [    Test worker] org.hibernate.type.BasicTypeRegistry     : Adding type registration java.util.GregorianCalendar -> org.hibernate.type.CalendarType@2011bf02
2020-06-19 17:27:49.243 DEBUG 11192 --- [    Test worker] org.hibernate.type.BasicTypeRegistry     : Adding type registration calendar_date -> org.hibernate.type.CalendarDateType@38edaac1
2020-06-19 17:27:49.244 DEBUG 11192 --- [    Test worker] org.hibernate.type.BasicTypeRegistry     : Adding type registration locale -> org.hibernate.type.LocaleType@1fb6c3e1
2020-06-19 17:27:49.245 DEBUG 11192 --- [    Test worker] org.hibernate.type.BasicTypeRegistry     : Adding type registration java.util.Locale -> org.hibernate.type.LocaleType@1fb6c3e1
2020-06-19 17:27:49.247 DEBUG 11192 --- [    Test worker] org.hibernate.type.BasicTypeRegistry     : Adding type registration currency -> org.hibernate.type.CurrencyType@21a57083
2020-06-19 17:27:49.247 DEBUG 11192 --- [    Test worker] org.hibernate.type.BasicTypeRegistry     : Adding type registration java.util.Currency -> org.hibernate.type.CurrencyType@21a57083
2020-06-19 17:27:49.249 DEBUG 11192 --- [    Test worker] org.hibernate.type.BasicTypeRegistry     : Adding type registration timezone -> org.hibernate.type.TimeZoneType@453bd29c
2020-06-19 17:27:49.249 DEBUG 11192 --- [    Test worker] org.hibernate.type.BasicTypeRegistry     : Adding type registration java.util.TimeZone -> org.hibernate.type.TimeZoneType@453bd29c
2020-06-19 17:27:49.251 DEBUG 11192 --- [    Test worker] org.hibernate.type.BasicTypeRegistry     : Adding type registration class -> org.hibernate.type.ClassType@86b1d07
2020-06-19 17:27:49.251 DEBUG 11192 --- [    Test worker] org.hibernate.type.BasicTypeRegistry     : Adding type registration java.lang.Class -> org.hibernate.type.ClassType@86b1d07
2020-06-19 17:27:49.253 DEBUG 11192 --- [    Test worker] org.hibernate.type.BasicTypeRegistry     : Adding type registration uuid-binary -> org.hibernate.type.UUIDBinaryType@58b79ee1
2020-06-19 17:27:49.254 DEBUG 11192 --- [    Test worker] org.hibernate.type.BasicTypeRegistry     : Adding type registration java.util.UUID -> org.hibernate.type.UUIDBinaryType@58b79ee1
2020-06-19 17:27:49.255 DEBUG 11192 --- [    Test worker] org.hibernate.type.BasicTypeRegistry     : Adding type registration uuid-char -> org.hibernate.type.UUIDCharType@3d60f5c3
2020-06-19 17:27:49.257 DEBUG 11192 --- [    Test worker] org.hibernate.type.BasicTypeRegistry     : Adding type registration binary -> org.hibernate.type.BinaryType@6ea43a03
2020-06-19 17:27:49.258 DEBUG 11192 --- [    Test worker] org.hibernate.type.BasicTypeRegistry     : Adding type registration byte[] -> org.hibernate.type.BinaryType@6ea43a03
2020-06-19 17:27:49.258 DEBUG 11192 --- [    Test worker] org.hibernate.type.BasicTypeRegistry     : Adding type registration [B -> org.hibernate.type.BinaryType@6ea43a03
2020-06-19 17:27:49.260 DEBUG 11192 --- [    Test worker] org.hibernate.type.BasicTypeRegistry     : Adding type registration wrapper-binary -> org.hibernate.type.WrapperBinaryType@56575b99
2020-06-19 17:27:49.261 DEBUG 11192 --- [    Test worker] org.hibernate.type.BasicTypeRegistry     : Adding type registration Byte[] -> org.hibernate.type.WrapperBinaryType@56575b99
2020-06-19 17:27:49.262 DEBUG 11192 --- [    Test worker] org.hibernate.type.BasicTypeRegistry     : Adding type registration [Ljava.lang.Byte; -> org.hibernate.type.WrapperBinaryType@56575b99
2020-06-19 17:27:49.264 DEBUG 11192 --- [    Test worker] org.hibernate.type.BasicTypeRegistry     : Adding type registration row_version -> org.hibernate.type.RowVersionType@9bac7d3
2020-06-19 17:27:49.266 DEBUG 11192 --- [    Test worker] org.hibernate.type.BasicTypeRegistry     : Adding type registration image -> org.hibernate.type.ImageType@58fb9a7f
2020-06-19 17:27:49.268 DEBUG 11192 --- [    Test worker] org.hibernate.type.BasicTypeRegistry     : Adding type registration characters -> org.hibernate.type.CharArrayType@5e757db3
2020-06-19 17:27:49.273 DEBUG 11192 --- [    Test worker] org.hibernate.type.BasicTypeRegistry     : Adding type registration char[] -> org.hibernate.type.CharArrayType@5e757db3
2020-06-19 17:27:49.274 DEBUG 11192 --- [    Test worker] org.hibernate.type.BasicTypeRegistry     : Adding type registration [C -> org.hibernate.type.CharArrayType@5e757db3
2020-06-19 17:27:49.276 DEBUG 11192 --- [    Test worker] org.hibernate.type.BasicTypeRegistry     : Adding type registration wrapper-characters -> org.hibernate.type.CharacterArrayType@3bd85a73
2020-06-19 17:27:49.277 DEBUG 11192 --- [    Test worker] org.hibernate.type.BasicTypeRegistry     : Adding type registration [Ljava.lang.Character; -> org.hibernate.type.CharacterArrayType@3bd85a73
2020-06-19 17:27:49.278 DEBUG 11192 --- [    Test worker] org.hibernate.type.BasicTypeRegistry     : Adding type registration Character[] -> org.hibernate.type.CharacterArrayType@3bd85a73
2020-06-19 17:27:49.280 DEBUG 11192 --- [    Test worker] org.hibernate.type.BasicTypeRegistry     : Adding type registration text -> org.hibernate.type.TextType@ea3cfa
2020-06-19 17:27:49.282 DEBUG 11192 --- [    Test worker] org.hibernate.type.BasicTypeRegistry     : Adding type registration ntext -> org.hibernate.type.NTextType@369b3fe9
2020-06-19 17:27:49.285 DEBUG 11192 --- [    Test worker] org.hibernate.type.BasicTypeRegistry     : Adding type registration blob -> org.hibernate.type.BlobType@5cbb3f93
2020-06-19 17:27:49.285 DEBUG 11192 --- [    Test worker] org.hibernate.type.BasicTypeRegistry     : Adding type registration java.sql.Blob -> org.hibernate.type.BlobType@5cbb3f93
2020-06-19 17:27:49.287 DEBUG 11192 --- [    Test worker] org.hibernate.type.BasicTypeRegistry     : Adding type registration materialized_blob -> org.hibernate.type.MaterializedBlobType@4f93a99a
2020-06-19 17:27:49.292 DEBUG 11192 --- [    Test worker] org.hibernate.type.BasicTypeRegistry     : Adding type registration clob -> org.hibernate.type.ClobType@556961d5
2020-06-19 17:27:49.292 DEBUG 11192 --- [    Test worker] org.hibernate.type.BasicTypeRegistry     : Adding type registration java.sql.Clob -> org.hibernate.type.ClobType@556961d5
2020-06-19 17:27:49.296 DEBUG 11192 --- [    Test worker] org.hibernate.type.BasicTypeRegistry     : Adding type registration nclob -> org.hibernate.type.NClobType@38468f2
2020-06-19 17:27:49.296 DEBUG 11192 --- [    Test worker] org.hibernate.type.BasicTypeRegistry     : Adding type registration java.sql.NClob -> org.hibernate.type.NClobType@38468f2
2020-06-19 17:27:49.297 DEBUG 11192 --- [    Test worker] org.hibernate.type.BasicTypeRegistry     : Adding type registration materialized_clob -> org.hibernate.type.MaterializedClobType@af8835c
2020-06-19 17:27:49.298 DEBUG 11192 --- [    Test worker] org.hibernate.type.BasicTypeRegistry     : Adding type registration materialized_nclob -> org.hibernate.type.MaterializedNClobType@517606ec
2020-06-19 17:27:49.302 DEBUG 11192 --- [    Test worker] org.hibernate.type.BasicTypeRegistry     : Adding type registration serializable -> org.hibernate.type.SerializableType@6fb158f7
2020-06-19 17:27:49.309 DEBUG 11192 --- [    Test worker] org.hibernate.type.BasicTypeRegistry     : Adding type registration object -> org.hibernate.type.ObjectType@7f3fee1c
2020-06-19 17:27:49.310 DEBUG 11192 --- [    Test worker] org.hibernate.type.BasicTypeRegistry     : Adding type registration java.lang.Object -> org.hibernate.type.ObjectType@7f3fee1c
2020-06-19 17:27:49.311 DEBUG 11192 --- [    Test worker] org.hibernate.type.BasicTypeRegistry     : Adding type registration imm_date -> org.hibernate.type.AdaptedImmutableType@78762a71
2020-06-19 17:27:49.311 DEBUG 11192 --- [    Test worker] org.hibernate.type.BasicTypeRegistry     : Adding type registration imm_time -> org.hibernate.type.AdaptedImmutableType@7839746d
2020-06-19 17:27:49.311 DEBUG 11192 --- [    Test worker] org.hibernate.type.BasicTypeRegistry     : Adding type registration imm_timestamp -> org.hibernate.type.AdaptedImmutableType@3ed9a6c7
2020-06-19 17:27:49.312 DEBUG 11192 --- [    Test worker] org.hibernate.type.BasicTypeRegistry     : Adding type registration imm_dbtimestamp -> org.hibernate.type.AdaptedImmutableType@215c683
2020-06-19 17:27:49.312 DEBUG 11192 --- [    Test worker] org.hibernate.type.BasicTypeRegistry     : Adding type registration imm_calendar -> org.hibernate.type.AdaptedImmutableType@4b795112
2020-06-19 17:27:49.313 DEBUG 11192 --- [    Test worker] org.hibernate.type.BasicTypeRegistry     : Adding type registration imm_calendar_date -> org.hibernate.type.AdaptedImmutableType@78d0ce0c
2020-06-19 17:27:49.313 DEBUG 11192 --- [    Test worker] org.hibernate.type.BasicTypeRegistry     : Adding type registration imm_binary -> org.hibernate.type.AdaptedImmutableType@b4ca04f
2020-06-19 17:27:49.313 DEBUG 11192 --- [    Test worker] org.hibernate.type.BasicTypeRegistry     : Adding type registration imm_serializable -> org.hibernate.type.AdaptedImmutableType@27414e7b
2020-06-19 17:27:49.455  INFO 11192 --- [    Test worker] org.hibernate.dialect.Dialect            : HHH000400: Using dialect: org.hibernate.dialect.MySQL5InnoDBDialect
2020-06-19 17:27:49.563 DEBUG 11192 --- [    Test worker] o.h.type.spi.TypeConfiguration$Scope     : Scoping TypeConfiguration [org.hibernate.type.spi.TypeConfiguration@595aeed9] to MetadataBuildingContext [org.hibernate.boot.internal.MetadataBuildingContextRootImpl@26616bef]
2020-06-19 17:27:49.797 DEBUG 11192 --- [    Test worker] org.hibernate.type.EnumType              : Using NAMED-based conversion for Enum com.jinjin.springboot.domain.user.Role
2020-06-19 17:27:50.026 DEBUG 11192 --- [    Test worker] org.hibernate.type.EnumType              : Using NAMED-based conversion for Enum com.jinjin.springboot.domain.user.Role
2020-06-19 17:27:50.136 DEBUG 11192 --- [    Test worker] o.h.type.spi.TypeConfiguration$Scope     : Scoping TypeConfiguration [org.hibernate.type.spi.TypeConfiguration@595aeed9] to SessionFactoryImpl [org.hibernate.internal.SessionFactoryImpl@7d9b0195]
2020-06-19 17:27:50.525 DEBUG 11192 --- [    Test worker] org.hibernate.type.EnumType              : Using NAMED-based conversion for Enum com.jinjin.springboot.domain.user.Role
2020-06-19 17:27:50.526 DEBUG 11192 --- [    Test worker] org.hibernate.type.EnumType              : Using NAMED-based conversion for Enum com.jinjin.springboot.domain.user.Role
2020-06-19 17:27:50.544 DEBUG 11192 --- [    Test worker] org.hibernate.type.EnumType              : Using NAMED-based conversion for Enum com.jinjin.springboot.domain.user.Role
2020-06-19 17:27:50.545 DEBUG 11192 --- [    Test worker] org.hibernate.type.EnumType              : Using NAMED-based conversion for Enum com.jinjin.springboot.domain.user.Role
2020-06-19 17:27:50.660 DEBUG 11192 --- [    Test worker] org.hibernate.type.EnumType              : Using NAMED-based conversion for Enum com.jinjin.springboot.domain.user.Role
2020-06-19 17:27:50.661 DEBUG 11192 --- [    Test worker] org.hibernate.type.EnumType              : Using NAMED-based conversion for Enum com.jinjin.springboot.domain.user.Role
Hibernate: drop table if exists posts
Hibernate: drop table if exists user
Hibernate: create table posts (id bigint not null auto_increment, created_date datetime, modified_date datetime, author varchar(255), content TEXT not null, title varchar(500) not null, primary key (id)) engine=InnoDB
2020-06-19 17:27:50.706 DEBUG 11192 --- [    Test worker] org.hibernate.type.EnumType              : Using NAMED-based conversion for Enum com.jinjin.springboot.domain.user.Role
Hibernate: create table user (id bigint not null auto_increment, created_date datetime, modified_date datetime, email varchar(255) not null, name varchar(255) not null, picture varchar(255), role varchar(255) not null, primary key (id)) engine=InnoDB
2020-06-19 17:27:50.711  INFO 11192 --- [    Test worker] o.h.t.schema.internal.SchemaCreatorImpl  : HHH000476: Executing import script 'org.hibernate.tool.schema.internal.exec.ScriptSourceInputNonExistentImpl@630dbb50'
2020-06-19 17:27:50.715 TRACE 11192 --- [    Test worker] o.h.type.spi.TypeConfiguration$Scope     : Handling #sessionFactoryCreated from [org.hibernate.internal.SessionFactoryImpl@7d9b0195] for TypeConfiguration
2020-06-19 17:27:50.719  INFO 11192 --- [    Test worker] j.LocalContainerEntityManagerFactoryBean : Initialized JPA EntityManagerFactory for persistence unit 'default'
2020-06-19 17:27:52.266  INFO 11192 --- [    Test worker] o.h.h.i.QueryTranslatorFactoryInitiator  : HHH000397: Using ASTQueryTranslatorFactory
2020-06-19 17:27:53.633  INFO 11192 --- [    Test worker] o.s.s.web.DefaultSecurityFilterChain     : Creating filter chain: any request, [org.springframework.security.web.context.request.async.WebAsyncManagerIntegrationFilter@3e5c4b69, org.springframework.security.web.context.SecurityContextPersistenceFilter@197ce6eb, org.springframework.security.web.header.HeaderWriterFilter@1524d653, org.springframework.security.web.authentication.logout.LogoutFilter@244133d0, org.springframework.security.oauth2.client.web.OAuth2AuthorizationRequestRedirectFilter@7331dea5, org.springframework.security.oauth2.client.web.OAuth2LoginAuthenticationFilter@b543246, org.springframework.security.web.authentication.ui.DefaultLoginPageGeneratingFilter@40588128, org.springframework.security.web.authentication.ui.DefaultLogoutPageGeneratingFilter@7a1d6254, org.springframework.security.web.savedrequest.RequestCacheAwareFilter@2961e44f, org.springframework.security.web.servletapi.SecurityContextHolderAwareRequestFilter@4343f8ad, org.springframework.security.web.authentication.AnonymousAuthenticationFilter@7fd3a330, org.springframework.security.web.session.SessionManagementFilter@2ecfbb22, org.springframework.security.web.access.ExceptionTranslationFilter@52eea7b8, org.springframework.security.web.access.intercept.FilterSecurityInterceptor@52435e53]
2020-06-19 17:27:54.903  INFO 11192 --- [    Test worker] o.s.s.concurrent.ThreadPoolTaskExecutor  : Initializing ExecutorService 'applicationTaskExecutor'
2020-06-19 17:27:55.023  WARN 11192 --- [    Test worker] aWebConfiguration$JpaWebMvcConfiguration : spring.jpa.open-in-view is enabled by default. Therefore, database queries may be performed during view rendering. Explicitly configure spring.jpa.open-in-view to disable this warning
2020-06-19 17:27:55.138  INFO 11192 --- [    Test worker] o.s.b.a.w.s.WelcomePageHandlerMapping    : Adding welcome page template: index
2020-06-19 17:27:56.739  INFO 11192 --- [    Test worker] s.a.ScheduledAnnotationBeanPostProcessor : No TaskScheduler/ScheduledExecutorService bean found for scheduled processing
2020-06-19 17:27:56.755  INFO 11192 --- [    Test worker] c.j.s.domain.posts.PostsRepositoryTest   : Started PostsRepositoryTest in 13.214 seconds (JVM running for 15.413)
Hibernate: insert into posts (created_date, modified_date, author, content, title) values (?, ?, ?, ?, ?)
2020-06-19 17:27:57.139 TRACE 11192 --- [    Test worker] o.h.type.descriptor.sql.BasicBinder      : binding parameter [1] as [TIMESTAMP] - [2020-06-19T17:27:57.060]
2020-06-19 17:27:57.143 TRACE 11192 --- [    Test worker] o.h.type.descriptor.sql.BasicBinder      : binding parameter [2] as [TIMESTAMP] - [2020-06-19T17:27:57.060]
2020-06-19 17:27:57.146 TRACE 11192 --- [    Test worker] o.h.type.descriptor.sql.BasicBinder      : binding parameter [3] as [VARCHAR] - [author]
2020-06-19 17:27:57.147 TRACE 11192 --- [    Test worker] o.h.type.descriptor.sql.BasicBinder      : binding parameter [4] as [VARCHAR] - [content]
2020-06-19 17:27:57.149 TRACE 11192 --- [    Test worker] o.h.type.descriptor.sql.BasicBinder      : binding parameter [5] as [VARCHAR] - [title]
Hibernate: select posts0_.id as id1_0_, posts0_.created_date as created_2_0_, posts0_.modified_date as modified3_0_, posts0_.author as author4_0_, posts0_.content as content5_0_, posts0_.title as title6_0_ from posts posts0_
2020-06-19 17:27:57.251 TRACE 11192 --- [    Test worker] o.h.type.descriptor.sql.BasicExtractor   : extracted value ([id1_0_] : [BIGINT]) - [1]
2020-06-19 17:27:57.257 TRACE 11192 --- [    Test worker] o.h.type.descriptor.sql.BasicExtractor   : extracted value ([created_2_0_] : [TIMESTAMP]) - [2020-06-19T17:27:57.060]
2020-06-19 17:27:57.259 TRACE 11192 --- [    Test worker] o.h.type.descriptor.sql.BasicExtractor   : extracted value ([modified3_0_] : [TIMESTAMP]) - [2020-06-19T17:27:57.060]
2020-06-19 17:27:57.269 TRACE 11192 --- [    Test worker] o.h.type.descriptor.sql.BasicExtractor   : extracted value ([author4_0_] : [VARCHAR]) - [author]
2020-06-19 17:27:57.271 TRACE 11192 --- [    Test worker] o.h.type.descriptor.sql.BasicExtractor   : extracted value ([content5_0_] : [VARCHAR]) - [content]
2020-06-19 17:27:57.271 TRACE 11192 --- [    Test worker] o.h.type.descriptor.sql.BasicExtractor   : extracted value ([title6_0_] : [VARCHAR]) - [title]
Hibernate: select posts0_.id as id1_0_, posts0_.created_date as created_2_0_, posts0_.modified_date as modified3_0_, posts0_.author as author4_0_, posts0_.content as content5_0_, posts0_.title as title6_0_ from posts posts0_
2020-06-19 17:27:57.444 TRACE 11192 --- [    Test worker] o.h.type.descriptor.sql.BasicExtractor   : extracted value ([id1_0_] : [BIGINT]) - [1]
2020-06-19 17:27:57.445 TRACE 11192 --- [    Test worker] o.h.type.descriptor.sql.BasicExtractor   : extracted value ([created_2_0_] : [TIMESTAMP]) - [2020-06-19T17:27:57.060]
2020-06-19 17:27:57.446 TRACE 11192 --- [    Test worker] o.h.type.descriptor.sql.BasicExtractor   : extracted value ([modified3_0_] : [TIMESTAMP]) - [2020-06-19T17:27:57.060]
2020-06-19 17:27:57.450 TRACE 11192 --- [    Test worker] o.h.type.descriptor.sql.BasicExtractor   : extracted value ([author4_0_] : [VARCHAR]) - [author]
2020-06-19 17:27:57.451 TRACE 11192 --- [    Test worker] o.h.type.descriptor.sql.BasicExtractor   : extracted value ([content5_0_] : [VARCHAR]) - [content]
2020-06-19 17:27:57.452 TRACE 11192 --- [    Test worker] o.h.type.descriptor.sql.BasicExtractor   : extracted value ([title6_0_] : [VARCHAR]) - [title]
Hibernate: delete from posts where id=?
2020-06-19 17:27:57.481 TRACE 11192 --- [    Test worker] o.h.type.descriptor.sql.BasicBinder      : binding parameter [1] as [BIGINT] - [1]
Hibernate: insert into posts (created_date, modified_date, author, content, title) values (?, ?, ?, ?, ?)
2020-06-19 17:27:57.514 TRACE 11192 --- [    Test worker] o.h.type.descriptor.sql.BasicBinder      : binding parameter [1] as [TIMESTAMP] - [2020-06-19T17:27:57.511]
2020-06-19 17:27:57.515 TRACE 11192 --- [    Test worker] o.h.type.descriptor.sql.BasicBinder      : binding parameter [2] as [TIMESTAMP] - [2020-06-19T17:27:57.511]
2020-06-19 17:27:57.516 TRACE 11192 --- [    Test worker] o.h.type.descriptor.sql.BasicBinder      : binding parameter [3] as [VARCHAR] - [author]
2020-06-19 17:27:57.516 TRACE 11192 --- [    Test worker] o.h.type.descriptor.sql.BasicBinder      : binding parameter [4] as [VARCHAR] - [content]
2020-06-19 17:27:57.516 TRACE 11192 --- [    Test worker] o.h.type.descriptor.sql.BasicBinder      : binding parameter [5] as [VARCHAR] - [title]
Hibernate: select posts0_.id as id1_0_, posts0_.created_date as created_2_0_, posts0_.modified_date as modified3_0_, posts0_.author as author4_0_, posts0_.content as content5_0_, posts0_.title as title6_0_ from posts posts0_
2020-06-19 17:27:57.520 TRACE 11192 --- [    Test worker] o.h.type.descriptor.sql.BasicExtractor   : extracted value ([id1_0_] : [BIGINT]) - [2]
2020-06-19 17:27:57.522 TRACE 11192 --- [    Test worker] o.h.type.descriptor.sql.BasicExtractor   : extracted value ([created_2_0_] : [TIMESTAMP]) - [2020-06-19T17:27:57.511]
2020-06-19 17:27:57.523 TRACE 11192 --- [    Test worker] o.h.type.descriptor.sql.BasicExtractor   : extracted value ([modified3_0_] : [TIMESTAMP]) - [2020-06-19T17:27:57.511]
2020-06-19 17:27:57.524 TRACE 11192 --- [    Test worker] o.h.type.descriptor.sql.BasicExtractor   : extracted value ([author4_0_] : [VARCHAR]) - [author]
2020-06-19 17:27:57.525 TRACE 11192 --- [    Test worker] o.h.type.descriptor.sql.BasicExtractor   : extracted value ([content5_0_] : [VARCHAR]) - [content]
2020-06-19 17:27:57.527 TRACE 11192 --- [    Test worker] o.h.type.descriptor.sql.BasicExtractor   : extracted value ([title6_0_] : [VARCHAR]) - [title]
Hibernate: select posts0_.id as id1_0_, posts0_.created_date as created_2_0_, posts0_.modified_date as modified3_0_, posts0_.author as author4_0_, posts0_.content as content5_0_, posts0_.title as title6_0_ from posts posts0_
2020-06-19 17:27:57.536 TRACE 11192 --- [    Test worker] o.h.type.descriptor.sql.BasicExtractor   : extracted value ([id1_0_] : [BIGINT]) - [2]
2020-06-19 17:27:57.537 TRACE 11192 --- [    Test worker] o.h.type.descriptor.sql.BasicExtractor   : extracted value ([created_2_0_] : [TIMESTAMP]) - [2020-06-19T17:27:57.511]
2020-06-19 17:27:57.538 TRACE 11192 --- [    Test worker] o.h.type.descriptor.sql.BasicExtractor   : extracted value ([modified3_0_] : [TIMESTAMP]) - [2020-06-19T17:27:57.511]
2020-06-19 17:27:57.538 TRACE 11192 --- [    Test worker] o.h.type.descriptor.sql.BasicExtractor   : extracted value ([author4_0_] : [VARCHAR]) - [author]
2020-06-19 17:27:57.539 TRACE 11192 --- [    Test worker] o.h.type.descriptor.sql.BasicExtractor   : extracted value ([content5_0_] : [VARCHAR]) - [content]
2020-06-19 17:27:57.539 TRACE 11192 --- [    Test worker] o.h.type.descriptor.sql.BasicExtractor   : extracted value ([title6_0_] : [VARCHAR]) - [title]
Hibernate: delete from posts where id=?
2020-06-19 17:27:57.541 TRACE 11192 --- [    Test worker] o.h.type.descriptor.sql.BasicBinder      : binding parameter [1] as [BIGINT] - [2]
]]></system-out>
  <system-err><![CDATA[]]></system-err>
</testsuite>
